Build started 1/28/2015 9:33:37 AM.
     1>Project "C:\Users\brader\Dropbox\CCP_Projects\FlippyBird\FlippyBird.vcxproj" on node 2 (Build target(s)).
     1>ClCompile:
         C:\Program Files (x86)\Microsoft Visual Studio 12.0\VC\bin\CL.exe /c /I"C:\Game_Libraries\SFML-2.2\include" /ZI /nologo /W3 /WX- /sdl /Od /Oy- /D WIN32 /D _DEBUG /D _CONSOLE /D _LIB /D _UNICODE /D UNICODE /Gm /EHsc /RTC1 /MDd /GS /fp:precise /Zc:wchar_t /Zc:forScope /Yu"stdafx.h" /Fp"Debug\FlippyBird.pch" /Fo"Debug\\" /Fd"Debug\vc120.pdb" /Gd /TP /analyze- /errorReport:prompt GS_Start.cpp
         GS_Start.cpp
     1>c:\users\brader\dropbox\ccp_projects\flippybird\gui.h(105): warning C4244: 'argument' : conversion from 'float' to 'unsigned int', possible loss of data
     1>c:\users\brader\dropbox\ccp_projects\flippybird\bird.h(52): warning C4244: 'argument' : conversion from 'int' to 'float', possible loss of data
     1>c:\users\brader\dropbox\ccp_projects\flippybird\gs_start.cpp(29): warning C4244: 'argument' : conversion from 'int' to 'float', possible loss of data
     1>c:\users\brader\dropbox\ccp_projects\flippybird\gs_start.cpp(53): warning C4018: '<' : signed/unsigned mismatch
     1>c:\users\brader\dropbox\ccp_projects\flippybird\gs_start.cpp(84): warning C4018: '<' : signed/unsigned mismatch
     1>c:\users\brader\dropbox\ccp_projects\flippybird\gs_start.cpp(117): warning C4018: '<' : signed/unsigned mismatch
     1>c:\users\brader\dropbox\ccp_projects\flippybird\gs_start.cpp(131): warning C4018: '<' : signed/unsigned mismatch
     1>c:\users\brader\dropbox\ccp_projects\flippybird\gs_start.cpp(145): warning C4244: 'initializing' : conversion from 'float' to 'int', possible loss of data
     1>c:\users\brader\dropbox\ccp_projects\flippybird\gs_start.cpp(149): warning C4244: 'argument' : conversion from 'int' to 'float', possible loss of data
     1>c:\users\brader\dropbox\ccp_projects\flippybird\gs_start.cpp(150): warning C4244: 'argument' : conversion from 'int' to 'float', possible loss of data
     1>c:\users\brader\dropbox\ccp_projects\flippybird\gs_start.cpp(158): warning C4244: 'argument' : conversion from 'int' to 'float', possible loss of data
     1>c:\users\brader\dropbox\ccp_projects\flippybird\gs_start.cpp(160): warning C4244: 'argument' : conversion from 'int' to 'float', possible loss of data
     1>c:\users\brader\dropbox\ccp_projects\flippybird\gs_start.cpp(174): warning C4018: '<' : signed/unsigned mismatch
     1>c:\users\brader\dropbox\ccp_projects\flippybird\gs_start.cpp(183): warning C4244: '=' : conversion from 'float' to 'int', possible loss of data
     1>c:\users\brader\dropbox\ccp_projects\flippybird\gs_start.cpp(220): warning C4244: '=' : conversion from 'int' to 'float', possible loss of data
     1>c:\users\brader\dropbox\ccp_projects\flippybird\gs_start.cpp(320): warning C4018: '<' : signed/unsigned mismatch
     1>c:\users\brader\dropbox\ccp_projects\flippybird\gs_start.cpp(324): warning C4244: '=' : conversion from 'const float' to 'int', possible loss of data
     1>c:\users\brader\dropbox\ccp_projects\flippybird\gs_start.cpp(334): warning C4244: '=' : conversion from 'int' to 'float', possible loss of data
     1>c:\users\brader\dropbox\ccp_projects\flippybird\gs_start.cpp(338): warning C4305: '=' : truncation from 'double' to 'float'
       Link:
         C:\Program Files (x86)\Microsoft Visual Studio 12.0\VC\bin\link.exe /ERRORREPORT:PROMPT /OUT:"C:\Users\brader\Dropbox\CCP_Projects\FlippyBird\Debug\FlippyBird.exe" /INCREMENTAL /NOLOGO /LIBPATH:"C:\Game_Libraries\SFML-2.2\lib" kernel32.lib user32.lib gdi32.lib winspool.lib comdlg32.lib advapi32.lib shell32.lib ole32.lib oleaut32.lib uuid.lib odbc32.lib odbccp32.lib "sfml-audio-d.lib" "sfml-graphics-d.lib" "sfml-main-d.lib" "sfml-network-d.lib" "sfml-system-d.lib" "sfml-window-d.lib" kernel32.lib user32.lib gdi32.lib winspool.lib comdlg32.lib advapi32.lib shell32.lib ole32.lib oleaut32.lib uuid.lib odbc32.lib odbccp32.lib /MANIFEST /MANIFESTUAC:"level='asInvoker' uiAccess='false'" /manifest:embed /DEBUG /PDB:"C:\Users\brader\Dropbox\CCP_Projects\FlippyBird\Debug\FlippyBird.pdb" /SUBSYSTEM:CONSOLE /TLBID:1 /DYNAMICBASE /NXCOMPAT /IMPLIB:"C:\Users\brader\Dropbox\CCP_Projects\FlippyBird\Debug\FlippyBird.lib" /MACHINE:X86 Debug\AnimationHandler.obj
         Debug\Bird.obj
         Debug\FlippyBird.obj
         Debug\Game.obj
         Debug\GS_Start.obj
         Debug\Gui.obj
         Debug\SoundManager.obj
         Debug\SpriteManager.obj
         Debug\stdafx.obj
         Debug\TextureManager.obj
         Debug\Tube.obj
         FlippyBird.vcxproj -> C:\Users\brader\Dropbox\CCP_Projects\FlippyBird\Debug\FlippyBird.exe
     1>Done Building Project "C:\Users\brader\Dropbox\CCP_Projects\FlippyBird\FlippyBird.vcxproj" (Build target(s)).

Build succeeded.

Time Elapsed 00:00:05.20
