Build started 1/14/2015 7:03:26 PM.
     1>Project "C:\Users\brader\Dropbox\CCP_Projects\CityBuilder\CityBuilder.vcxproj" on node 2 (Build target(s)).
     1>ClCompile:
         C:\Program Files (x86)\Microsoft Visual Studio 12.0\VC\bin\CL.exe /c /I"C:\Game_Libraries\SFML-2.2\include" /ZI /nologo /W3 /WX- /Od /Oy- /D WIN32 /D _DEBUG /D _CONSOLE /D _LIB /D _UNICODE /D UNICODE /Gm /EHsc /RTC1 /MDd /GS /fp:precise /Zc:wchar_t /Zc:forScope /Fo"Debug\\" /Fd"Debug\vc120.pdb" /Gd /TP /analyze- /errorReport:prompt Game.cpp
         Game.cpp
     1>c:\users\brader\dropbox\ccp_projects\citybuilder\tile.h(61): warning C4244: 'argument' : conversion from 'const unsigned int' to 'float', possible loss of data
     1>c:\users\brader\dropbox\ccp_projects\citybuilder\gui.h(105): warning C4244: 'argument' : conversion from 'float' to 'unsigned int', possible loss of data
       Link:
         C:\Program Files (x86)\Microsoft Visual Studio 12.0\VC\bin\link.exe /ERRORREPORT:PROMPT /OUT:"C:\Users\brader\Dropbox\CCP_Projects\CityBuilder\Debug\CityBuilder.exe" /INCREMENTAL /NOLOGO /LIBPATH:"C:\Game_Libraries\SFML-2.2\lib" kernel32.lib user32.lib gdi32.lib winspool.lib comdlg32.lib advapi32.lib shell32.lib ole32.lib oleaut32.lib uuid.lib odbc32.lib odbccp32.lib "sfml-audio-d.lib" "sfml-graphics-d.lib" "sfml-main-d.lib" "sfml-network-d.lib" "sfml-system-d.lib" "sfml-window-d.lib" kernel32.lib user32.lib gdi32.lib winspool.lib comdlg32.lib advapi32.lib shell32.lib ole32.lib oleaut32.lib uuid.lib odbc32.lib odbccp32.lib /MANIFEST /MANIFESTUAC:"level='asInvoker' uiAccess='false'" /manifest:embed /DEBUG /PDB:"C:\Users\brader\Dropbox\CCP_Projects\CityBuilder\Debug\CityBuilder.pdb" /SUBSYSTEM:CONSOLE /TLBID:1 /DYNAMICBASE /NXCOMPAT /IMPLIB:"C:\Users\brader\Dropbox\CCP_Projects\CityBuilder\Debug\CityBuilder.lib" /MACHINE:X86 Debug\AnimationHandler.obj
         Debug\City.obj
         Debug\CityBuilder.obj
         Debug\Game.obj
         Debug\GameStateEditor.obj
         Debug\GameStateStart.obj
         Debug\Gui.obj
         Debug\Map.obj
         Debug\stdafx.obj
         Debug\TextureManager.obj
         Debug\Tile.obj
         CityBuilder.vcxproj -> C:\Users\brader\Dropbox\CCP_Projects\CityBuilder\Debug\CityBuilder.exe
     1>Done Building Project "C:\Users\brader\Dropbox\CCP_Projects\CityBuilder\CityBuilder.vcxproj" (Build target(s)).

Build succeeded.

Time Elapsed 00:00:02.57
